@100Marco100 	 https://t.co/8iHaKPNoxQ
@AVENAoficial 	 https://t.co/9qgfDiTChk
@AdrianoArgolo 	 https://t.…
@AnaliseEnergia 	 https://t.co/RBXLEU3wL0
@AndreaGabriel70 	 https://t.co/6ufCVmfMWF
@AndreiRT 	 https://t.co/MUAnjpYK…
@AndreiaSadi 	 https://t.co/74B7TuNUSS
@Araujo8Costa 	 https://t.co/nsK2enJKNV
@ArlineArcuri 	 https://t.co/ebVq15XUYN
@Arturdarocha 	 https://t.co/IbkjxU0Fpt
@Athiabalba 	 https://t.co/RyDDUqqn9O
@AucicleiPereira 	 https://t.co/cIkil6NMkO
@Azafega 	 https://t.co/akGbK4oAJM
@BecaBrix 	 https://t.co/bCbS4LNS0P
@BelchiorcCosta 	 https://t.co/NxrFb…
@BereniceVieir11 	 https://t.co/aCQ4fY6uIt
@BhzKika 	 https://t.co/1oEAqLbLvL
@Biakicis 	 https://t.co/PA9p8yxRvf
@BlogDoPim 	 https://t.co/SvJ3cFtvqR
@BlogOlhoNaMira 	 https://t.co/Uv7EwhQ2Oc
@Blog_Cesar_Weis 	 https://t.co/PhAFolHI31
@BlogdoBG 	 https://t.co/Y5c9vhhIQ1
@BlogdoNoblat 	 https://t.co/nMQAcZLN5r
@Bob_Fernandes 	 https://t.co/ik4PQrCivE
@Bolsonarianas2 	 https://t.co/GHnj3cdqNb
@Bolsonaro1712 	 https://t.co/iw76oYWops
@BolsonaroDeus 	 https://t.co/oYB28kFSSJ
@Bolsoneas 	 https://t.co/cfjpiw9dca
@Bopressor20 	 https://t.co/SKJuomqGbn
@BrGil39 	 https://t.co/pjZpjUy43j
@BrbaraFerraz12 	 https://t.co/MHTDV2FaA6
@BuzzFeedBrasil 	 https://t.co/fbWF7LIM42
@Ca_Moredi 	 https://t.co/8tnxqHWaGz
@CanalRapRJ 	 https://t.co/9pHEU5PGKK
@CarlosBolsonaro 	 https://t.co…
@CavalcanteLione 	 https://t.co/Eqz7dmYqqg
@ChcaririJose 	 https://t.co/BZD9rnv34W
@CheCocaCola 	 https://t.co/7IU7zp19tz
@Cidadao_S 	 https://t.co/vyxzfZFhFq
@Cidadaodopovo 	 https://t.co/Mb0pQrWSGV
@CintiaGonales 	 https://t.co/ccbhQ…
@CiroZibordi 	 https://t.co/WQAtyARL0X
@CleberAmaral_ 	 https://t.co/564v0lc4h8
@CleristonCRF 	 https://t.co/swEjVcqWez
@CmteErik 	 https://t.co/PBnPOTdjdd
@CoracaoFerido2 	 https://t.co/RJcoLiaCDn
@Coroasso 	 https://t.co/qTLfGEAmkP
@DCM_online 	 https://t.co/6tAfgx6F…
@DIREITAUSA 	 https://t.co/6b…
@DOMPRlME 	 https://t.co/1XQ8kGKk78
@DaniloGentili 	 https://t.co/nQJpbU…
@DarioAlok 	 https://t.co/QjW…
@DecioNeves 	 https://t.co/…
@DennisOnTheNet 	 https://t.co/Bf7u52tSg9
@Desesquerdizada 	 https://t.co/3rmLGJL3le
@Direita_Network 	 https://t.co/…
@DonaRegina111 	 https://t.co/sttYZghBN4
@DrReynaldo 	 https://t.co/CquxxLb8az
@EdmaRZanardo 	 https://t.co/rVXXyVyQfk
@Eliseu_SS 	 https://t.co/PGmPbBavJg
@EsquerdaValente 	 https://t.co/KsOihmgFT4
@Estadao 	 https://t.co/tsQrVvU0wG
@EstadaoPolitica 	 https://t.co/oHdDSTLyjI
@EuPaarei 	 https://t.co/kkbEqyhapL
@EuSouMBC 	 https://t.co/6QHO9FZ0Nj
@EvFernando 	 https://t.co/9xKCymKFoD
@Everton93596496 	 https://t.co/dY3aselh2f
@FabianaDiniz39 	 https://t.co/kwbNjjtMNU
@FabiolaMathiasT 	 https://t.co/S1tSZbt8qi
@FatosEsquerda 	 https://t.co/JVRA42tqDW
@FelipeUFO 	 https://t.co/48JoFCYHp6
@FernandoHoliday 	 https://t.co/dQI5ytidi2
@FlavioBolsonaro 	 https://t.co/K84H9QGxss
@FlavioXSid 	 https://t.co/5KbBBNs9Dm
@Foralula 	 https://t.co/OQyeOjXkLm
@Francis42913322 	 https://t.co/JniyEwqJHj
@Ga_Curty 	 https://t.co/8W6kpKwcLQ
@GenPauloChagas 	 https://t.co/QTWKAJ9xhA
@Geraldo13924786 	 https://t.co/ZdTL9qI9J2
@Gerd_Klotz 	 https://t.co/apHpNvn1mv
@GoiasBrasil_voz 	 https://t.co/Alo5nR25AN
@GolpeNuncaMais 	 https://t.co/b4AkPMzeir
@GreenpeaceBR 	 https://t.co/y3Y7pgDWQR
@GrupoMetropole 	 https://t.co/XUBy0nMwmy
@Guerra00001 	 https://t.co/gt…
@Gufescobar 	 https://t.co/tGPqgSZxDG
@GusLanzetta 	 https://t.co/K0Wt1uhv2S
@Haddad_Femando 	 https://t.co/hQoTT8GMJI
@Haddad_Fernando 	 https://t.co/HS98DAWyTx
@HaiekSe 	 https://t.co/hoC0ytD9LF
@Hariovaldo 	 https://t.co/CNw9nvqtdl
@HelioNogueiraTV 	 https://t.co/uDxzxb4le4
@HemiG215 	 https://t.co/Hs…
@Herculano_VBoas 	 https://t.co/kmKSn2iB7o
@Iexandre 	 https://t.co/aw4Wf5tAx9
@Itspedrito 	 https://t.co/P6RtukgwH5
@JDIASANETO 	 https://t.co/LP2Yr7DeKY
@JabesAlencar 	 https://t.co/wCbuQ5AoqZ
@JamilChade 	 https://t.co/gokPt6XXZe
@Jane12299496 	 https://t.co/TfbM8mHkNM
@Jeff_Eugenio 	 https://t.co/fhHnXbXDeH
@JoelAlexandreM 	 https://t.co/HqRmxiY87O
@JonasEm36235201 	 https://t.co/Qj0HZ7RNoU
@JorgeRibeiroSE 	 https://t.co/M3beU3Vm8V
@JornalDaCidadeO 	 https://t.co/dGmxZydxoz
@JornalOGlobo 	 https://t.co/W6i5Gedvu8
@JornaldoBrasil 	 https://t.co/MqIQlrqEkH
@Jornalismo2018 	 https://t.co/DosrJPuvbS
@JornalismoWando 	 https://t.co/8V94ojMsjq
@JoseMedeirosMT 	 https://t.co/zsAjmbpu6w
@JotaKar 	 https://t.co/PTAZ3bvRN8
@JovemPanNews 	 https://t.co/FmR1g5MPSe
@JuMagalhaesBH 	 https://t.co/fZu4cvdqzM
@Juarezelone 	 https://t.co/0JWWHtWHYr
@JullyEspelho 	 https://t.co/rYY6dGYbvv
@KarinaP10269766 	 https://t.co/HAby3x6sIf
@LCMarinho 	 https://t.co/BhVZ70teD3
@LOVEINVENTURA 	 https://t.co/2cye…
@Lauragomessant1 	 https://t.co/iHM2pzGSNC
@LeandroGouveia 	 https://t.co/xaIi8l…
@Leonardobulh 	 https://t.co/19OsVhTCCv
@Levi_AMS 	 https://t.co/1IzZXduUyF
@LuizBorgesJr89 	 https://t.co/vSX8aqfQV6
@LulaOficial 	 https://t.co/OUed…
@MARCUSPITTER 	 https://t.co/7F9B40ZkJD
@MBLivre 	 https://t.co/V4WKrjmSYg
@MONICAA18185163 	 https://t.co/WmEZQSZDYN
@MaizaNatal 	 https://t.co/Sj6qxqr6WY
@ManuelaDavila 	 https://t.co/QSUs26HKJs
@MaraLuquet 	 https://t.co/3VLaguSCEn
@MarceloJGonca 	 https://t.co/j…
@MarceloPintoBA 	 https://t…
@MarchaHist 	 https://t.co/spyi65HT5j
@MarcianoBrito13 	 https://t.co/EufD4mO1DI
@MariaClaraSpine 	 https://t.co/KDqjbLER8T
@MendesOnca 	 https://t.co/VNBIfzD5jv
@Mfutebolisticos 	 https://t.co/okQheLK4Hb
@MidiaNINJA 	 https://t.co/ivHzP1iXiG
@MilhoWonka 	 https://t.co/EXKvlHg9zB
@Miltonneves 	 https://t.co/T1BQ7hcTvW
@Mleitaonetto 	 https://t.co/0jxbzaGleh
@Moacyr51 	 https://t.co/5QthhiPwIP
@MouraoVice 	 https://t.co/Fwv75r2Mu0
@MoyenneA 	 https://t.co/ga3EvXS5m1
@NaoInviabilize 	 https://t.co/n60xov55cs
@Nazireu7 	 https://t.co/CfrQY3tX0s
@Neydocaaa 	 https://t.co/8DQWXM7tMu
@OBrasilFeliz 	 https://t…
@OCarrivale 	 https://t.co/Onp1GlSTbJ
@OCorvo_ 	 https://t.co/P…
@OGloboPolitica 	 https://t.co/MCZsvJpVHL
@Observar_ 	 https://t.co/zAXurY7aYJ
@OsvladPereira 	 https://t.co/IWTKDnySfj
@PachecaoMG 	 https://t.co/…
@PastorMalafaia 	 https://t.co/6SScd3PpM8
@PauloMartins10 	 https://t.co/hDR8qRsq35
@PauloMenoti 	 https://t.co/4YZNjWQ2yN
@Paulox36 	 https://t.co/Lt7tMC4WRX
@Poder360 	 https://t.co/5vZPkxQkJ…
@PoetasFla 	 https://t.co/dZToWOh8Io
@Politica_Santos 	 https://t.co/6q8bTC0pd0
@PrDeboraM12 	 https://t.co/qTX2Vgb799
@Pragmatismo_ 	 https://t.co/k1iQPUwUYR
@Proud_iberian 	 https://t.co/YVobfHw06w
@Ptsauro 	 https://t.co/rDZ3GqzICw
@QueileSoares 	 https://t.co/qFf1pRztlF
@RTPNoticias 	 https://t.co/JnGPV0Tf72
@RafaM_Pacheco 	 https://t.co/aRdMlsN0e7
@Rafael_Soeiro 	 https://t.co/TTIU5oxhqn
@Rconstantino 	 https://t.co/A7jxa4vDFZ
@RevistaCrusoe 	 https://t.co/gA1niMYfuv
@RevistaISTOE 	 https://t.co/sfT3mB2lZH
@Ricardorenato2 	 https://t.co/c63aGPCBcN
@Ricazinha 	 https://t.co/PVyZVvRDrs
@RiqueSampaio 	 https://t.co/AmiLaRv39C
@RodP13 	 https://t.co/xy4nptDeAd
@RodrigoRobles01 	 https://t.co/3SErnzI6B3
@Roger_Linhares 	 https://t.co/OWjQ6vDY3P
@RomagagaGuidini 	 https://t.co/WlV8JaVwl1
@Romilton48 	 https://t.co/h354HdmJbr
@RoseBarros__ 	 https://t.co/1i1zliNG69
@Ruaaans 	 https://t.co…
@RubinhoNunesMBL 	 https://t.co/DCUjOyMBn1
@Rucoriar 	 https://t.co/EEHVwV7uxe
@SAAlves77 	 https://t.co/gJ0RtgiGXs
@SICNoticias 	 https://t.co/V8l0P85KQQ
@SSDeAraujo 	 https://t.co/XnvHVBVtqu
@SaabBrasil 	 https://t.co/N2gjbANZYU
@Shoujofan 	 https://t.co/wMliPRofaE
@SigaPepeVargas 	 https://t.co/Sxtjn8HfvT
@SimoniSolange 	 https://t…
@SrtaLawyerBr17 	 https://t.co/GQIwEoihOl
@SuCidreira 	 https://t.co/khhLUqc8Kf
@SusyVitoria_ 	 https://t.co/DrFy2s2oyU
@TerraSemMales 	 https://t.co/Rm7OzsZNhM
@ThaysVita 	 https://t.co/5mLvzPf2mz
@Thiago68361937 	 https://t.co/bqBjZkythc
@TioBooBooDepre 	 https://t.co/wwXEwsZFYD
@Titus_Magnus 	 https://t.co/V5C1K1aUUR
@TizianaAudino 	 https://t.co/sUQIBcn2Gr
@TonArruda1 	 https://t.co/…
@TssiaC 	 https://t.co/SgEjuIlTfU
@UCCorrupcao 	 https://t.co/yFDPcPISwH
@UJSBRASIL 	 https://t.co/t2pQFo2x0T
@UNBORNness 	 https://t.co/4KoMo0xDtt
@UOL 	 https://t.co/dw9Ff7h2re
@UOLEsporte 	 https://t.co/dVaXdehWZa
@UOLNoticias 	 https://t.co/gvl0ptrKhc
@UmaGataDeBotas 	 https://t.c…
@VEJA 	 https://t.co/BvI7ZiMi6q
@VINICIUSMATHIAS 	 https://t.co/ojvdAay4aE
@VanessaPortugau 	 https://t.co/2ycqcidbOM
@VemLutarBrasil 	 https://t.co/SgJ2Jdav7Z
@Vicky_Queirozz 	 https://t.co/UEvebRVjpN
@VivianFauvel 	 https://t.co/jlpYcmpnLU
@WORD_NEWSS 	 https://t.co/k4wpNat81n
@Wdbarros1 	 https://t.co/klrMuJ70A1
@Wellington1961 	 https://t.co/mgmGDwKa7m
@ZederOficial 	 https://t.co/I2H76McSrY
@ZenonLuz1 	 https://t.co/PomFmXumC8
@_MLacerda_ 	 https://t.co/AodQEfaatI
@_Wendell_Souza 	 https://t.co/eFvYjA50n5
@aEduardocGomes 	 https://t.co/mxXBBpWMuK
@a_mandioquinha 	 https://t.co/WyBR0BlwR5
@a_postagem 	 https://t.co/uPHEbxm5y2
@adrianohidalgo 	 https://t.co/D5W6YlByO6
@afonsoluper 	 https://t.co/vhLpzvxASx
@afraneo 	 https://t.co/LkEfb…
@agenciabrasil 	 https://t.co/4fqEPmpy2u
@agsportlight 	 https://t.co/YeLQrjJ9Lc
@aguedescartoon 	 https://t.co/6pD1vfNMay
@alcileneblog 	 https://t.co…
@aldymalcher 	 https://t.co/9asKcKa2Mt
@alefrotabrasil 	 https://t.co/V…
@alex_borges 	 https://t.co/CbgxWQo4VA
@alexpalestra33 	 https://t.co/CELnLXAyDO
@alextuy 	 https://t.co/k26TNdmKZG
@allantercalivre 	 https://t.co/uzh1MTn3z7
@amandaramalhos 	 https://t.co/ElpoCVh6UG
@anarcobs 	 https://t.co/NzOlkV8z7E
@andrefran 	 https://t.co/lv4…
@andrizek 	 https://t.co/mo0nnFkAyX
@angelolelio 	 https://t.co/kMbE6WvY5P
@arthurfoli 	 https://t.co/Ws8igV226E
@arturbuzina 	 https://t.co/P7xVAmTmLo
@aruthcao 	 https://t.co/IhdDkOnScI
@assimdisseojoao 	 https://t.co/4TRDm39Ru3
@astrudthefly 	 https://t.co/010FbuI4hq
@autoramaria 	 https://t.co/aZ3hpaWbWU
@ayubio 	 https://t.co…
@bbcbrasil 	 https://t.co/hWCtEDdzZf
@belinha_Inez 	 https://t.co/C6XriHA1O9
@benebarbosa_mvb 	 https://t.co/YIfYgn2ygv
@bernardopkuster 	 https://t.co…
@bing75875 	 https://t.co/…
@bluetms1001 	 https://t.co/kAOnQe3imH
@bluexpilots 	 https://t.co/M3ESQ4Wxhr
@bolsonaro_train 	 https://t.co/o2BAP9OeiW
@brasil247 	 https://t.co/Hj95hwejKk
@brsamba 	 https://t.co…
@busyandidiot 	 https://t.co/etaJ6pQGpF
@cadulorena 	 https://t.co/cbhmBDPd6Y
@cafecomferri 	 https://t.co/Y8A1Y7sQnB
@campomouraopr 	 https://t.co/5SRS24BWO5
@caodomoletom 	 https://t.co/pJ6fC1Hzz0
@carapanarana 	 https://t.co/ZW7nkKVSkn
@carinavitral 	 https://t.co/YNbUgbNIUm
@carolbtr 	 https://t.co/f8MsIMAJak
@carolproner 	 https://t.co/PuAwAyyylb
@cartoriosdequem 	 https://t.…
@celiatahan 	 https://t.co/E…
@cemiguel 	 https://t.co/McIq8po0LC
@cfbarbosa 	 https://t.co/QI1RrWEEDD
@chicogregorio 	 https://t.co/OvJrc8RbaH
@citadini 	 https://t.co/KJGv64Wi3N
@claudioedantas 	 https://t.co/qmgrPCTbO7
@cleriston90 	 https://t.co/RN6kGpeRaw
@cnpissarra 	 https://t.co/ZNoA0kkHBQ
@coalacroata 	 https://t.co/ghYlMFNz64
@coimbraricardo 	 https://t.co/SFs2m9YXIG
@conexaopolitica 	 https://t.co/dMu2B1OUK7
@congemfoco 	 https://t.co/522A7JJzhC
@cornholio_m 	 https://t.co/OUIfIEv4hO
@correio 	 https://t.co/Qj2zpE4tFW
@correio_dopovo 	 https://t.co/8tZ32CsMaA
@crf_damotta 	 https://t.co/sTdyKG1uKN
@crieipronto 	 https://t.co/rkKpHY3wXF
@cvazmarques 	 https://t.co/C88…
@cvmacedog 	 https://t.co/VSiUIpXEJW
@cynaramenezes 	 https://t.co/UJdXzwlWHC
@danilo_sanches 	 https://t.co/f96lH5C02z
@dariojjunior 	 https://t.co/KkF5dVc5s6
@deby03 	 https://t.co/0SXf0r6H1L
@deciolimapt 	 https://t.co/tzlAphYmYw
@deniseaeg 	 https://t.co/uuzTRdYK5E
@dhnetdh 	 https://t.co/doC2wk6YSk
@diarioonline 	 https://t.co/xdpRVbY2hU
@diguinhocoruja 	 https://t.co/1ycPHA9vKw
@diogomainardi 	 https://t.co/qcr4u1MbDm
@dorivas5 	 https://t.co/NVtrsuLVPA
@dvieirasv 	 https://t.co/ku8kqoIB5W
@edi_lson 	 https://t.co/Rbpjhmu3mF
@edmilsonpapo10 	 https://t.co/cSrDqJgZDr
@edusilvafogo 	 https://t.co/xK6lsI8LzM
@elenalandau 	 https://t.co/efKKIoIZHs
@emicida 	 https://t.co/5d0CjNwgiP
@emirsader 	 https://t.co/179zOKwU27
@erikakokay 	 https://t.co/…
@esquerdanao 	 https://t.co/TtqK…
@est4dohir4mico 	 https://t.co/pcaixfTzed
@euclarice 	 https://t.co/nXVrHEmuX2
@evilFonss 	 https://t.co/5hJBPFyVk6
@evsonmatias 	 https://t.co/lo2EJytrEm
@ewmazi 	 https://t.co/SoIz3z2rhn
@exame 	 https://t.co/MfhKGu0SmJ
@fabioandrade72 	 https://t.co/ghxO21dsxF
@fatooufake 	 https://t.co/A4BgZzeAbk
@federicodevito 	 https://t.co/aoXonj2jPt
@feh_skywalker 	 https://t.co/bU2sF0vjTq
@ffily 	 https://t.co/lEd0o0kLaK
@ffsfreitas 	 https://t.co/dvfcSoSEcT
@fixrue 	 https://t.co/KDvp6GSBom
@flarabelinho 	 https://t.co/H5kwwidErm
@flaviohumanas 	 https://t.co/HotEIMM1wd
@flaviomorgen 	 https://t.co/GcXqLw8g4x
@fmaier50 	 https://t…
@fn7k 	 https://t.co/0fhladOSXe
@folha 	 https://t.co/MzlbaPrtQB
@folha_poder 	 https://t.co/9mJjFvOzxu
@foxbruxo 	 https://t.co/C34qFvAiGm
@francivaldou 	 https://t.co/c6oKxeTy2q
@franja_80 	 https://t.co/5Ht6F7LoX3
@fridakaldos 	 https://t.co/8nypdU7gSK
@frjunioradv 	 https://t.co/U67DgK2wem
@fuckinmadhatter 	 https://t.co/FBkAkUwRBe
@g1 	 https://t.co/cJzjkfODzm
@g1mundo 	 https://t.co/2BDi8pucra
@g1politica 	 https://t.co/uuQMH3EL3G
@gambiarra0 	 https://t.co/OzljT6xaXY
@gatadeporao 	 https://t.co/hf4fRoW09d
@gcamposrosa 	 https://t.co/V6KfvWb3Fw
@gduvivier 	 https://t.co/E…
@gguedes 	 https://t.co/QQXwEzlOY4
@giovannac1973 	 https://t.co/jGqUqzp82G
@goncalompsb 	 https://t.co/x6wk4q5lKA
@gospelprime 	 https://t.co/iYZBjF2qjh
@gurovitz 	 https://t.co/6yFfgLLpia
@gutoalvesp 	 https://t.co/XaMzYXL8wJ
@harujjk 	 https://t.co/2BaG4UBqav
@hbredda 	 https://t.co/lxVQZ8RaRZ
@helenagsoo 	 https://t.co/zw2JijPnyg
@herrlights 	 https://t.co/HgDIED5JOq
@hiraitic 	 https://t.co/iDZ9rdB03R
@httpskp 	 https://t.co/jL6cm2Fipr
@iagoIV 	 https://t.co/8ETTTb17AE
@igorfrancz 	 https://t.co/8tWC040fAh
@igpassos_ 	 https://t.co/EsY2sqJLJb
@inespedrosa_pt 	 https://t.co/K9l5doE6rl
@infomoney 	 https://t.co/FWnRUfSBXg
@ingrifx 	 https://t.co/bQ8eP9TGBJ
@iollinda 	 https://t.co/A6VnJbDrWX
@ivone_medeiros 	 https://t.co/P1xfFAeMfY
@ivonefrp 	 https://t.co/AYR5myaG9Q
@jRicardo_20 	 https://t.co/POXMlSJpPH
@jacoliveira 	 https://t.co/fbnlvlXEor
@jairbolsonaro 	 https://t.…
@jfurtado2222 	 https://t.co/paqDWGORge
@jgambaster 	 https://t.co/W3u4FoUZ9w
@jjaimebr 	 https://t.co/u8qMm35…
@joelmdecarvalho 	 https://t.co/js21pLVbZX
@joflcina5721 	 https://t.co/TvN0kayfsz
@jor_claudiney 	 https://t.co/5nUxY…
@jornalextra 	 https://t.co/8UOcx8KBZo
@lafaeu 	 https://t.co/p1nVskSd9H
@lasliborio 	 https://t.co/qxsC1fEm2H
@laurojardim 	 https://t.co/48hsjGdXKc
@leodopastel 	 https://t.co/HgQfstObc8
@libdep 	 https://t.co/NT56DVPM29
@lmjwguarr 	 https://t.co/tRLQ0g7DXD
@lopesfernande 	 https://t.co/CSjZ3gbC6h
@lrrolvr 	 https://t.co/JZZmEJZNvi
@lsentoes 	 https://t.co/bjZcsKnUuN
@lucasapaulino 	 https://t.co/DBkJkNCRGO
@luciamoura00 	 https://t.co/5Kh6agnP1e
@luciano_hang 	 https://t.co/bkS024a1SK
@luisnassif 	 https://t.co/vzyswOy6hs
@luizcebola 	 https://t.co/iYYHye37cw
@luizmuller 	 https://t.co/izYkHcavxn
@luizramosh 	 https://t.co/fMu3…
@lumarenn 	 https://t.co/6C4q6KK7kA
@luresendes 	 https://t.co…
@luvbcast 	 https://t.co/FBdgK9HnGw
@madeiradez 	 https://t.co/VGt1ZazYeS
@madkaco 	 https://t.co/B3g9pYYjzS
@maestro_akira 	 https://t.co/nBxhrLmohk
@mairamedeiros 	 https://t.…
@manotelli 	 https://t.…
@manuelkobel 	 https://t.co/xOIYMtnGfK
@marcelofjadv 	 https://t.co/eWLSpLzSPs
@marcelorubens 	 https://t.co/gCegdbL9i4
@marcinhosuleta 	 https://t.co/HumGhoiePV
@marcofeliciano 	 https://t.co/s43qp88Wkw
@marcogomes 	 https://t.c…
@marcoscostazen 	 https://t.co/mHdMeaGh1k
@mariaclaraps 	 https://t.co/fmJXo2Viae
@marinalang 	 https://t.co/aOzKyiiesU
@marisa_lobo 	 https://t.co/PBlGtSqFx6
@marysonleal 	 https://t.co/3f7ekI8fRr
@marzju 	 https://t.co/LSxO8juATG
@matheus_hulle 	 https://t.co/qLk65DgbCc
@maurialbino 	 https://t.co/dOSbUuZ7MS
@mauriciostycer 	 https://t.co/b98P7JoNu2
@maxtel45 	 https://t.co/0QBwIRB07e
@memescomuna 	 https://t.co/AmWLvclOHg
@meteaonde 	 https://t.co/QFMjn6LWk1
@mildignos3 	 https://t.co/ozwt6N2aMP
@milenereis 	 https://t.co/mLeTzwimLu
@misturadocvodka 	 https://t.co/hsQPN0blu6
@motadouglas 	 https://t.co/wIXMgS9gDD
@mthribeiro17 	 https://t.co/hURBFYM3Ah
@nanda_giagio 	 https://t.co/e5rilq5aUK
@neusappctwiter1 	 https://t.co/fn5GP5Ck0i
@nilsonnsantos 	 https://t.co/3DFnI9d…
@noticias_parana 	 https://t.co/OmdP3ptYjq
@nunescfreitas 	 https://t.co/f8rZCpBlQP
@oConsciente 	 https://t.co/Kh3Chjd45B
@o_antagonista 	 https://t.co/4jV5Z18NPS
@ojacaredetanga 	 https://t.co/clc5YvhOBK
@olhardigital 	 https://t.co/yAWzXBBw0P
@palmeriodoria 	 https://t.co/9dJ2d3BMZM
@pandlernews 	 https://t.co/tFAwtDVgiG…
@pastorapatricia 	 https://t.co/YesQhOpbTv
@patggou1 	 https://t.co/07DJvlLag6
@paulo_h_120188 	 https://t.co/1gActUF8FS
@paulo_oshiro 	 https://t.co/joxW4oRFwr
@pauloap 	 https://t.co/PhYqln0hur
@pauloguedes_17 	 https://t.co/QwF7JX5dUr
@pauloteixeira13 	 https://t.co/AcaxjPOUuE
@pdevechi 	 https://t.co/ngORIRAoIw
@pecanha_nilo 	 https://t.co/bOGFL7PX7a
@pecesiqueira 	 https://t.co/5xwyEw6cER
@pedroprola 	 https://t.co/dnYVQF9DYL
@pejulio 	 https://t.co/D0s7OtThK7
@perini_nadia 	 https://t.co/rAgGM4fIa5
@peterjordan100 	 https://t.co/MgNXt0q1TL
@pfnery 	 https://t.co/4fFSX6PPUj
@pfvcarou 	 https://t.co/InC5AE7RMC
@pinhead_lives 	 https://t.co/Nqa2MRMMwK
@portalMSN 	 https://t.co/OJvYRNxoxC
@ppacheco1 	 https://t.co/PniB5ap4PS
@predocindio 	 https://t.co/iwwJ8SgviO
@prissguerrero1 	 https://t.co/1zCdnd3R5x
@programatico1 	 https://t.co/fJJtfvjYsd
@psol50 	 https://t.co…
@ptbrasil 	 https://t.co/0XASFsJ9eH
@pubaldi24 	 https://t.co/qZIDkMVHGU
@quesedani_se 	 https://t.co/be2fvlFPwk
@r0cc0 	 https://t.co/Gjuus8BZ8n
@raquelfromhell 	 https://t.co/AjIGpPTrxN
@rdvilela 	 https://t.co/jlscVJcSJq
@redebrasilatual 	 https://t.co/fTqGu3MgIA
@reinaldoazevedo 	 https://t.co/bcfGU2jaY1
@renato_salles_ 	 https://t.co/UpqIKQHHPA
@republica_ctba 	 https://t.co/OoxXbVMCJK
@revistaforum 	 https://t.co/1MLYaVsFhW
@ribeirosilva12 	 https://t.co/Vv0a8w2gQU
@riquefreire 	 https://t.co/kkY26CDXOe
@rjdsantana1 	 https://t.co/XyJBy8EEil
@rmtakata 	 https://t.co/oD33XAd7EL
@rmunda 	 https://t.co/ZSIkBxEuxI
@rogerio_sinesio 	 https://t.co/QIOHQ1Cnja
@rosana_alfaro 	 https://t.co/X8mfkeNZwe
@rothbard_brasil 	 https://t.co/LPoItv1o4l
@roxmo 	 https://t.co/4VIjONby9U
@rua_direita 	 https://t.co/LTwiPwWF1j
@samantamanta 	 https://t.co/29uQrhE4wK
@sandsilva 	 https://t.co/coux8jqftI
@sarahoficiaal 	 https://t.co/FLf4XrWWtl
@sensacionalista 	 https://t.co/dnb7bpVueA
@sensoinc 	 https://t.co/2LXDTM75Sd
@serbretas 	 https://t.co/P9seI3OAyP
@soakedright 	 https://t.co/ZeLDz48Si7
@souto_mc 	 https://t.co/3SOAwnaZwT
@stockler_ 	 https://t.co/QAks1XUQcp
@subeida1 	 https://t.co/qlj6Asndk4
@subversylvia 	 https://t.co/gTYbuD7WZq
@syk4ryo 	 https://t.co/H1sHAPWNLb
@tatyaguiar12 	 https://t.co/26we7AvkeW
@taubate55 	 https://t.co/EGjLAkVC9s
@terca_livre 	 https://t.co/TfFkf7KcrK
@tiagorattes 	 https://t.co/fZpWyrlGCg
@tifedias 	 https://t.co/q9vAbaTvqi
@tomfm_ 	 https://t.co/uog4JXtb3z
@tominnnie 	 https://t.co/IdWlFoOQm3
@toutall 	 https://t.co/l7wrJoiOrK
@trabalhosujo 	 https://t.co/9G9aNQUr1F
@trajanojorge 	 https://t.co/ldOvDZffgf
@ttiagotario 	 https://t.co/vMHWzaCBDE
@turquim5 	 https://t.co/i0LUX9F5cU
@umamedusadessa 	 https://t.co/1RpSOatbHk
@vaIehomossexuaI 	 https://t.co/x1MwRzxzZa
@valoreconomico 	 https://t.co/iMMM6KksIr
@vimondoni 	 https://t.co/pkNZYGnT4j
@viniverdelho 	 https://t.co/JiMe5Ft4nj
@viverdespenteia 	 https://t.co/RikpdRxNER
@vulgo_sabrina 	 https://t.co/lHMktQ4FFZ
@walterlello 	 https://t.co/7CxSNndyOH
@willmummy 	 https://t.co/X5Eo4PTeVf
@woodstock_59 	 https://t.co/pVPzUG2jal
@xicosa 	 https://t.co/LJuA1MLjje
@xlipesousa 	 https://t.co/Fay2sQW3Uu
@yashagallazzi 	 https://t.co/W66T41MS4j
@yurivs 	 https://t.co/XoKgTyMkjj
@zdoficial 	 https://t.co/leixLJoeFp
@zehbrasil 	 https://t.co/ccBA1eRr0N
@zehdeabreu 	 https://t.co/zHjmLAVZ4m
@zonegif 	 https://t.co/4qPNzF24sy
